000 (11838877.000.000) 07/20 15:21:26 Job submitted from host: <188.185.70.244:9618?addrs=188.185.70.244-9618+[2001-1458-d00-7--100-2ee]-9618&alias=bigbird10.cern.ch&noUDP&sock=schedd_2702_ecfc>
...
000 (11838877.001.000) 07/20 15:21:26 Job submitted from host: <188.185.70.244:9618?addrs=188.185.70.244-9618+[2001-1458-d00-7--100-2ee]-9618&alias=bigbird10.cern.ch&noUDP&sock=schedd_2702_ecfc>
...
040 (11838877.000.000) 07/20 15:30:50 Started transferring input files
	Transferring to host: <188.185.213.210:9618?addrs=188.185.213.210-9618+[2001-1458-303-1b--100-4e]-9618&alias=b9p28p7617.cern.ch&noUDP&sock=slot1_10_7519_90cb_4480>
...
040 (11838877.000.000) 07/20 15:30:50 Finished transferring input files
...
001 (11838877.000.000) 07/20 15:30:51 Job executing on host: <188.185.213.210:9618?addrs=188.185.213.210-9618+[2001-1458-303-1b--100-4e]-9618&alias=b9p28p7617.cern.ch&noUDP&sock=startd_6672_03f9>
	SlotName: slot1_10@b9p28p7617.cern.ch
	CondorScratchDir = "/pool/condor/dir_2097564"
	Cpus = 2
	Disk = 2099209
	GPUs = 0
	Memory = 6000
...
006 (11838877.000.000) 07/20 15:30:53 Image size of job updated: 288
	0  -  MemoryUsage of job (MB)
	0  -  ResidentSetSize of job (KB)
...
040 (11838877.000.000) 07/20 15:30:53 Started transferring output files
...
040 (11838877.000.000) 07/20 15:30:53 Finished transferring output files
...
005 (11838877.000.000) 07/20 15:30:54 Job terminated.
	(1) Normal termination (return value 1)
		Usr 0 00:00:00, Sys 0 00:00:00  -  Run Remote Usage
		Usr 0 00:00:00, Sys 0 00:00:00  -  Run Local Usage
		Usr 0 00:00:00, Sys 0 00:00:00  -  Total Remote Usage
		Usr 0 00:00:00, Sys 0 00:00:00  -  Total Local Usage
	127  -  Run Bytes Sent By Job
	1172  -  Run Bytes Received By Job
	127  -  Total Bytes Sent By Job
	1172  -  Total Bytes Received By Job
	Partitionable Resources :    Usage  Request Allocated 
	   Cpus                 :        0        2         2 
	   Disk (KB)            :       27  2097152   2099209 
	   GPUs                 :                           0 
	   Memory (MB)          :        0     6000      6000 
	   TimeExecute (s)      :        2                    
	   TimeSlotBusy (s)     :        4                    
...
040 (11838877.001.000) 07/20 15:31:56 Started transferring input files
	Transferring to host: <188.185.196.160:9618?addrs=188.185.196.160-9618+[2001-1458-303-23--100-9c]-9618&alias=b9p16p4006.cern.ch&noUDP&sock=slot1_12_5617_6f3d_3182>
...
040 (11838877.001.000) 07/20 15:31:56 Finished transferring input files
...
001 (11838877.001.000) 07/20 15:31:57 Job executing on host: <188.185.196.160:9618?addrs=188.185.196.160-9618+[2001-1458-303-23--100-9c]-9618&alias=b9p16p4006.cern.ch&noUDP&sock=startd_4599_1c25>
	SlotName: slot1_12@b9p16p4006.cern.ch
	CondorScratchDir = "/pool/condor/dir_2783543"
	Cpus = 2
	Disk = 2100853
	GPUs = 0
	Memory = 6000
...
006 (11838877.001.000) 07/20 15:31:58 Image size of job updated: 256
	0  -  MemoryUsage of job (MB)
	0  -  ResidentSetSize of job (KB)
...
040 (11838877.001.000) 07/20 15:31:58 Started transferring output files
...
040 (11838877.001.000) 07/20 15:31:58 Finished transferring output files
...
005 (11838877.001.000) 07/20 15:31:58 Job terminated.
	(1) Normal termination (return value 1)
		Usr 0 00:00:00, Sys 0 00:00:00  -  Run Remote Usage
		Usr 0 00:00:00, Sys 0 00:00:00  -  Run Local Usage
		Usr 0 00:00:00, Sys 0 00:00:00  -  Total Remote Usage
		Usr 0 00:00:00, Sys 0 00:00:00  -  Total Local Usage
	127  -  Run Bytes Sent By Job
	1172  -  Run Bytes Received By Job
	127  -  Total Bytes Sent By Job
	1172  -  Total Bytes Received By Job
	Partitionable Resources :    Usage  Request Allocated 
	   Cpus                 :        0        2         2 
	   Disk (KB)            :       27  2097152   2100853 
	   GPUs                 :                           0 
	   Memory (MB)          :        0     6000      6000 
	   TimeExecute (s)      :        1                    
	   TimeSlotBusy (s)     :        3                    
...
