000 (11840249.000.000) 07/20 17:04:53 Job submitted from host: <188.185.70.244:9618?addrs=188.185.70.244-9618+[2001-1458-d00-7--100-2ee]-9618&alias=bigbird10.cern.ch&noUDP&sock=schedd_2702_ecfc>
...
000 (11840249.001.000) 07/20 17:04:53 Job submitted from host: <188.185.70.244:9618?addrs=188.185.70.244-9618+[2001-1458-d00-7--100-2ee]-9618&alias=bigbird10.cern.ch&noUDP&sock=schedd_2702_ecfc>
...
040 (11840249.001.000) 07/20 17:05:51 Started transferring input files
	Transferring to host: <188.185.192.92:9618?addrs=188.185.192.92-9618+[2001-1458-303-1f--100-58]-9618&alias=b9p13p0561.cern.ch&noUDP&sock=slot1_25_8351_c8ed_5925>
...
040 (11840249.001.000) 07/20 17:05:51 Finished transferring input files
...
040 (11840249.000.000) 07/20 17:05:51 Started transferring input files
	Transferring to host: <128.142.33.26:9618?addrs=128.142.33.26-9618+[2001-1458-301-53--100-17]-9618&alias=b9g34p8811.cern.ch&noUDP&sock=slot1_2_8239_dee8_3307>
...
040 (11840249.000.000) 07/20 17:05:51 Finished transferring input files
...
001 (11840249.001.000) 07/20 17:05:52 Job executing on host: <188.185.192.92:9618?addrs=188.185.192.92-9618+[2001-1458-303-1f--100-58]-9618&alias=b9p13p0561.cern.ch&noUDP&sock=startd_7147_d375>
	SlotName: slot1_25@b9p13p0561.cern.ch
	CondorScratchDir = "/pool/condor/dir_1828306"
	Cpus = 2
	Disk = 2099733
	GPUs = 0
	Memory = 6000
...
001 (11840249.000.000) 07/20 17:05:52 Job executing on host: <128.142.33.26:9618?addrs=128.142.33.26-9618+[2001-1458-301-53--100-17]-9618&alias=b9g34p8811.cern.ch&noUDP&sock=startd_7036_b072>
	SlotName: slot1_2@b9g34p8811.cern.ch
	CondorScratchDir = "/pool/condor/dir_99336"
	Cpus = 2
	Disk = 2099878
	GPUs = 0
	Memory = 6000
...
006 (11840249.001.000) 07/20 17:06:01 Image size of job updated: 210416
	206  -  MemoryUsage of job (MB)
	210416  -  ResidentSetSize of job (KB)
...
006 (11840249.000.000) 07/20 17:06:01 Image size of job updated: 31664
	31  -  MemoryUsage of job (MB)
	31664  -  ResidentSetSize of job (KB)
...
006 (11840249.000.000) 07/20 17:06:32 Image size of job updated: 351344
	31  -  MemoryUsage of job (MB)
	31664  -  ResidentSetSize of job (KB)
...
040 (11840249.000.000) 07/20 17:06:33 Started transferring output files
...
040 (11840249.000.000) 07/20 17:06:33 Finished transferring output files
...
005 (11840249.000.000) 07/20 17:06:33 Job terminated.
	(1) Normal termination (return value 0)
		Usr 0 00:00:24, Sys 0 00:00:02  -  Run Remote Usage
		Usr 0 00:00:00, Sys 0 00:00:00  -  Run Local Usage
		Usr 0 00:00:24, Sys 0 00:00:02  -  Total Remote Usage
		Usr 0 00:00:00, Sys 0 00:00:00  -  Total Local Usage
	7180  -  Run Bytes Sent By Job
	844  -  Run Bytes Received By Job
	7180  -  Total Bytes Sent By Job
	844  -  Total Bytes Received By Job
	Partitionable Resources :    Usage  Request Allocated 
	   Cpus                 :                 2         2 
	   Disk (KB)            :       23  2097152   2099878 
	   GPUs                 :                           0 
	   Memory (MB)          :       31     6000      6000 
	   TimeExecute (s)      :       40                    
	   TimeSlotBusy (s)     :       43                    
...
006 (11840249.001.000) 07/20 17:07:05 Image size of job updated: 581696
	206  -  MemoryUsage of job (MB)
	210440  -  ResidentSetSize of job (KB)
...
040 (11840249.001.000) 07/20 17:07:05 Started transferring output files
...
040 (11840249.001.000) 07/20 17:07:05 Finished transferring output files
...
005 (11840249.001.000) 07/20 17:07:06 Job terminated.
	(1) Normal termination (return value 0)
		Usr 0 00:01:04, Sys 0 00:00:02  -  Run Remote Usage
		Usr 0 00:00:00, Sys 0 00:00:00  -  Run Local Usage
		Usr 0 00:01:04, Sys 0 00:00:02  -  Total Remote Usage
		Usr 0 00:00:00, Sys 0 00:00:00  -  Total Local Usage
	7189  -  Run Bytes Sent By Job
	844  -  Run Bytes Received By Job
	7189  -  Total Bytes Sent By Job
	844  -  Total Bytes Received By Job
	Partitionable Resources :    Usage  Request Allocated 
	   Cpus                 :        0        2         2 
	   Disk (KB)            :       32  2097152   2099733 
	   GPUs                 :                           0 
	   Memory (MB)          :      206     6000      6000 
	   TimeExecute (s)      :       73                    
	   TimeSlotBusy (s)     :       75                    
...
