
=== Analyzing 100GeV ===

Birks MC
  Input files: 150
  Available events: 15000
  Requested selected events: 15000
  Maximum scanned events: all
  SciFi selection: Digi_ScifiHits > 200
  Scanned events: 15000
  Events passing SciFi cut: 10936
  Selected events: 10766
  Selection efficiency: 71.7733%

  US bar-4/5 cut-flow
  ---------------------------------------------------
  Condition               Events    Fraction of all
  ---------------------------------------------------
  all                      10936           100.00%
  US1                      10935            99.99%
  US2                      10879            99.48%
  US3                      10773            98.51%
  US1_US2                  10879            99.48%
  US1_US3                  10773            98.51%
  US2_US3                  10766            98.45%
  US1_US2_US3              10766            98.45%
  ---------------------------------------------------
  WARNING: Fewer selected events than requested.

No-Birks MC
  Input files: 1
  Available events: 20000
  Requested selected events: 15000
  Maximum scanned events: all
  SciFi selection: Digi_ScifiHits > 200
  Scanned events: 20000
  Events passing SciFi cut: 14457
  Selected events: 12718
  Selection efficiency: 63.5900%

  US bar-4/5 cut-flow
  ---------------------------------------------------
  Condition               Events    Fraction of all
  ---------------------------------------------------
  all                      14457           100.00%
  US1                      14454            99.98%
  US2                      14151            97.88%
  US3                      12766            88.30%
  US1_US2                  14150            97.88%
  US1_US3                  12766            88.30%
  US2_US3                  12718            87.97%
  US1_US2_US3              12718            87.97%
  ---------------------------------------------------
  WARNING: Fewer selected events than requested.

Data

  File-by-file Data check
  ----------------------------------------------------------------------------------------------
  File                                  Checked       US1       US2       US3     All 3
  ----------------------------------------------------------------------------------------------
  sndsw_raw-0000.root                         1     0.00%     0.00%     0.00%     0.00%
  sndsw_raw-0001.root                         1     0.00%     0.00%     0.00%     0.00%
  sndsw_raw-0002.root                         1     0.00%     0.00%     0.00%     0.00%
  sndsw_raw-0003.root                         1   100.00%   100.00%   100.00%   100.00%
  sndsw_raw-0004.root                         1     0.00%     0.00%     0.00%     0.00%
  sndsw_raw-0005.root                         1   100.00%   100.00%   100.00%   100.00%
  sndsw_raw-0006.root                         1     0.00%   100.00%   100.00%     0.00%
  sndsw_raw-0007.root                         1     0.00%     0.00%     0.00%     0.00%
  sndsw_raw-0008.root                         1   100.00%     0.00%     0.00%     0.00%
  sndsw_raw-0009.root                         1   100.00%   100.00%   100.00%   100.00%
  sndsw_raw-0010.root                         1     0.00%     0.00%   100.00%     0.00%
  sndsw_raw-0011.root                         1     0.00%     0.00%     0.00%     0.00%
  sndsw_raw-0012.root                         1     0.00%     0.00%     0.00%     0.00%
  ----------------------------------------------------------------------------------------------
  Input files: 13
  Available events: 12034781
  Requested selected events: 15000
  Maximum scanned events: all
  SciFi selection: Digi_ScifiHits > 200
  Scanned events: 397002
  Events passing SciFi cut: 22055
  Selected events: 15000
  Selection efficiency: 3.7783%

  US bar-4/5 cut-flow
  ---------------------------------------------------
  Condition               Events    Fraction of all
  ---------------------------------------------------
  all                      22055           100.00%
  US1                      21380            96.94%
  US2                      19282            87.43%
  US3                      15764            71.48%
  US1_US2                  19112            86.66%
  US1_US3                  15602            70.74%
  US2_US3                  15127            68.59%
  US1_US2_US3              15000            68.01%
  ---------------------------------------------------
[Histogram] 100GeV, Birks MC: N=10766, bins=40, range=[0.00, 20064.08], bin_width=501.60, underflow=0 (0.000%), overflow=21 (0.195%), in_range=10745
[Histogram] 100GeV, No-Birks MC: N=12718, bins=40, range=[0.00, 20064.08], bin_width=501.60, underflow=0 (0.000%), overflow=172 (1.352%), in_range=12546
[Histogram] 100GeV, Data: N=15000, bins=40, range=[0.00, 20064.08], bin_width=501.60, underflow=0 (0.000%), overflow=0 (0.000%), in_range=15000

=== Analyzing 300GeV ===

Birks MC
  Input files: 150
  Available events: 15000
  Requested selected events: 15000
  Maximum scanned events: all
  SciFi selection: Digi_ScifiHits > 200
  Scanned events: 15000
  Events passing SciFi cut: 11321
  Selected events: 11298
  Selection efficiency: 75.3200%

  US bar-4/5 cut-flow
  ---------------------------------------------------
  Condition               Events    Fraction of all
  ---------------------------------------------------
  all                      11321           100.00%
  US1                      11321           100.00%
  US2                      11312            99.92%
  US3                      11298            99.80%
  US1_US2                  11312            99.92%
  US1_US3                  11298            99.80%
  US2_US3                  11298            99.80%
  US1_US2_US3              11298            99.80%
  ---------------------------------------------------
  WARNING: Fewer selected events than requested.

No-Birks MC
  Input files: 4
  Available events: 16000
  Requested selected events: 15000
  Maximum scanned events: all
  SciFi selection: Digi_ScifiHits > 200
  Scanned events: 16000
  Events passing SciFi cut: 11926
  Selected events: 11796
  Selection efficiency: 73.7250%

  US bar-4/5 cut-flow
  ---------------------------------------------------
  Condition               Events    Fraction of all
  ---------------------------------------------------
  all                      11926           100.00%
  US1                      11926           100.00%
  US2                      11900            99.78%
  US3                      11797            98.92%
  US1_US2                  11900            99.78%
  US1_US3                  11797            98.92%
  US2_US3                  11796            98.91%
  US1_US2_US3              11796            98.91%
  ---------------------------------------------------
  WARNING: Fewer selected events than requested.

Data

  File-by-file Data check
  ----------------------------------------------------------------------------------------------
  File                                  Checked       US1       US2       US3     All 3
  ----------------------------------------------------------------------------------------------
  sndsw_raw-0000.root                         1     0.00%     0.00%     0.00%     0.00%
  sndsw_raw-0001.root                         1     0.00%     0.00%     0.00%     0.00%
  sndsw_raw-0002.root                         1     0.00%     0.00%     0.00%     0.00%
  sndsw_raw-0003.root                         1     0.00%     0.00%     0.00%     0.00%
  sndsw_raw-0004.root                         1   100.00%   100.00%   100.00%   100.00%
  sndsw_raw-0005.root                         1     0.00%     0.00%     0.00%     0.00%
  sndsw_raw-0006.root                         1     0.00%     0.00%     0.00%     0.00%
  sndsw_raw-0007.root                         1     0.00%     0.00%     0.00%     0.00%
  sndsw_raw-0008.root                         1     0.00%     0.00%     0.00%     0.00%
  sndsw_raw-0009.root                         1     0.00%     0.00%     0.00%     0.00%
  sndsw_raw-0010.root                         1     0.00%     0.00%     0.00%     0.00%
  sndsw_raw-0011.root                         1     0.00%     0.00%     0.00%     0.00%
  sndsw_raw-0012.root                         1     0.00%     0.00%     0.00%     0.00%
  sndsw_raw-0013.root                         1   100.00%   100.00%   100.00%   100.00%
  sndsw_raw-0014.root                         1     0.00%     0.00%     0.00%     0.00%
  sndsw_raw-0015.root                         1   100.00%   100.00%   100.00%   100.00%
  sndsw_raw-0016.root                         1     0.00%     0.00%     0.00%     0.00%
  sndsw_raw-0017.root                         1     0.00%     0.00%     0.00%     0.00%
  sndsw_raw-0018.root                         1     0.00%     0.00%     0.00%     0.00%
  sndsw_raw-0019.root                         1     0.00%     0.00%     0.00%     0.00%
  sndsw_raw-0020.root                         1     0.00%   100.00%     0.00%     0.00%
  sndsw_raw-0021.root                         1     0.00%     0.00%     0.00%     0.00%
  sndsw_raw-0022.root                         1   100.00%     0.00%     0.00%     0.00%
  sndsw_raw-0023.root                         1     0.00%     0.00%     0.00%     0.00%
  sndsw_raw-0024.root                         1     0.00%     0.00%     0.00%     0.00%
  sndsw_raw-0025.root                         1     0.00%     0.00%     0.00%     0.00%
  sndsw_raw-0026.root                         1     0.00%     0.00%     0.00%     0.00%
  sndsw_raw-0027.root                         1     0.00%     0.00%     0.00%     0.00%
  sndsw_raw-0028.root                         1     0.00%     0.00%     0.00%     0.00%
  sndsw_raw-0029.root                         1     0.00%     0.00%     0.00%     0.00%
  sndsw_raw-0030.root                         1     0.00%     0.00%     0.00%     0.00%
  sndsw_raw-0031.root                         1     0.00%     0.00%     0.00%     0.00%
  sndsw_raw-0032.root                         1     0.00%     0.00%     0.00%     0.00%
  sndsw_raw-0033.root                         1     0.00%     0.00%   100.00%     0.00%
  sndsw_raw-0034.root                         1   100.00%   100.00%   100.00%   100.00%
  sndsw_raw-0035.root                         1     0.00%     0.00%     0.00%     0.00%
  sndsw_raw-0036.root                         1     0.00%     0.00%     0.00%     0.00%
  sndsw_raw-0037.root                         1     0.00%   100.00%     0.00%     0.00%
  sndsw_raw-0038.root                         1     0.00%   100.00%     0.00%     0.00%
  sndsw_raw-0039.root                         1     0.00%     0.00%     0.00%     0.00%
  sndsw_raw-0040.root                         1   100.00%   100.00%   100.00%   100.00%
  sndsw_raw-0041.root                         1     0.00%     0.00%     0.00%     0.00%
  sndsw_raw-0042.root                         1     0.00%     0.00%     0.00%     0.00%
  sndsw_raw-0043.root                         1   100.00%     0.00%     0.00%     0.00%
  sndsw_raw-0044.root                         1     0.00%     0.00%     0.00%     0.00%
  sndsw_raw-0045.root                         1     0.00%     0.00%     0.00%     0.00%
  sndsw_raw-0046.root                         1     0.00%     0.00%     0.00%     0.00%
  sndsw_raw-0047.root                         1     0.00%     0.00%     0.00%     0.00%
  sndsw_raw-0048.root                         1     0.00%     0.00%     0.00%     0.00%
  sndsw_raw-0049.root                         1     0.00%     0.00%     0.00%     0.00%
  sndsw_raw-0050.root                         1   100.00%     0.00%     0.00%     0.00%
  sndsw_raw-0051.root                         1     0.00%     0.00%   100.00%     0.00%
  sndsw_raw-0052.root                         1     0.00%     0.00%     0.00%     0.00%
  sndsw_raw-0053.root                         1     0.00%     0.00%     0.00%     0.00%
  sndsw_raw-0054.root                         1     0.00%     0.00%     0.00%     0.00%
  sndsw_raw-0055.root                         1     0.00%   100.00%     0.00%     0.00%
  sndsw_raw-0056.root                         1     0.00%     0.00%     0.00%     0.00%
  sndsw_raw-0057.root                         1     0.00%     0.00%     0.00%     0.00%
  ----------------------------------------------------------------------------------------------
  Input files: 58
  Available events: 58000000
  Requested selected events: 15000
  Maximum scanned events: all
  SciFi selection: Digi_ScifiHits > 200
  Scanned events: 473871
  Events passing SciFi cut: 15896
  Selected events: 15000
  Selection efficiency: 3.1654%

  US bar-4/5 cut-flow
  ---------------------------------------------------
  Condition               Events    Fraction of all
  ---------------------------------------------------
  all                      15896           100.00%
  US1                      15791            99.34%
  US2                      15569            97.94%
  US3                      15097            94.97%
  US1_US2                  15537            97.74%
  US1_US3                  15053            94.70%
  US2_US3                  15028            94.54%
  US1_US2_US3              15000            94.36%
  ---------------------------------------------------
[Histogram] 300GeV, Birks MC: N=11298, bins=40, range=[0.00, 59866.75], bin_width=1496.67, underflow=0 (0.000%), overflow=28 (0.248%), in_range=11270
[Histogram] 300GeV, No-Birks MC: N=11796, bins=40, range=[0.00, 59866.75], bin_width=1496.67, underflow=0 (0.000%), overflow=163 (1.382%), in_range=11633
[Histogram] 300GeV, Data: N=15000, bins=40, range=[0.00, 59866.75], bin_width=1496.67, underflow=0 (0.000%), overflow=0 (0.000%), in_range=15000

Analysis completed.
Results saved in: results_selected_15k
